Build started 5/9/2017 12:01:05 PM.
     1>Project "D:\SmartParkingSystem\SmartParkingSystem\SmartParkingSystem.vcxproj" on node 2 (build target(s)).
     1>InitializeBuildStatus:
         Creating "Debug\SmartParkingSystem.unsuccessfulbuild" because "AlwaysCreate" was specified.
       GenerateTargetFrameworkMonikerAttribute:
       Skipping target "GenerateTargetFrameworkMonikerAttribute" because all output files are up-to-date with respect to the input files.
       ClCompile:
         All outputs are up-to-date.
         All outputs are up-to-date.
         All outputs are up-to-date.
       CoreResGen:
         No resources are out of date with respect to their source files. Skipping resource generation.
       ResourceCompile:
         All outputs are up-to-date.
       Link:
         All outputs are up-to-date.
         SmartParkingSystem.vcxproj -> D:\SmartParkingSystem\Debug\SmartParkingSystem.exe
       FinalizeBuildStatus:
         Deleting file "Debug\SmartParkingSystem.unsuccessfulbuild".
         Touching "Debug\SmartParkingSystem.lastbuildstate".
     1>Done Building Project "D:\SmartParkingSystem\SmartParkingSystem\SmartParkingSystem.vcxproj" (build target(s)).

Build succeeded.

Time Elapsed 00:00:00.23
