D:\NGUYENVANSON\SMARTPARKINGSYSTEM\DEBUG\SMARTPARKINGSYSTEM.EXE
D:\NGUYENVANSON\SMARTPARKINGSYSTEM\DEBUG\SMARTPARKINGSYSTEM.ILK
D:\NGUYENVANSON\SMARTPARKINGSYSTEM\DEBUG\SMARTPARKINGSYSTEM.PDB
D:\NGUYENVANSON\SMARTPARKINGSYSTEM\SMARTPARKINGSYSTEM\DEBUG\.NETFRAMEWORK,VERSION=V4.0.ASSEMBLYATTRIBUTES.OBJ
D:\NGUYENVANSON\SMARTPARKINGSYSTEM\SMARTPARKINGSYSTEM\DEBUG\APP.RES
D:\NGUYENVANSON\SMARTPARKINGSYSTEM\SMARTPARKINGSYSTEM\DEBUG\APP_CONFIG.OBJ
D:\NGUYENVANSON\SMARTPARKINGSYSTEM\SMARTPARKINGSYSTEM\DEBUG\ASSEMBLYINFO.OBJ
D:\NGUYENVANSON\SMARTPARKINGSYSTEM\SMARTPARKINGSYSTEM\DEBUG\BUS_HETHONG.OBJ
D:\NGUYENVANSON\SMARTPARKINGSYSTEM\SMARTPARKINGSYSTEM\DEBUG\BUS_NHANXE.OBJ
D:\NGUYENVANSON\SMARTPARKINGSYSTEM\SMARTPARKINGSYSTEM\DEBUG\BUS_TRAXE.OBJ
D:\NGUYENVANSON\SMARTPARKINGSYSTEM\SMARTPARKINGSYSTEM\DEBUG\BUS_VETHANG.OBJ
D:\NguyenVanSon\SmartParkingSystem\SmartParkingSystem\Debug\cl.command.1.tlog
D:\NguyenVanSon\SmartParkingSystem\SmartParkingSystem\Debug\CL.read.1.tlog
D:\NguyenVanSon\SmartParkingSystem\SmartParkingSystem\Debug\CL.write.1.tlog
D:\NGUYENVANSON\SMARTPARKINGSYSTEM\SMARTPARKINGSYSTEM\DEBUG\CONNECT.OBJ
D:\NGUYENVANSON\SMARTPARKINGSYSTEM\SMARTPARKINGSYSTEM\DEBUG\CONVERT_HETHONG.OBJ
D:\NGUYENVANSON\SMARTPARKINGSYSTEM\SMARTPARKINGSYSTEM\DEBUG\DA_HETHONG.OBJ
D:\NGUYENVANSON\SMARTPARKINGSYSTEM\SMARTPARKINGSYSTEM\DEBUG\DA_NHANXE.OBJ
D:\NGUYENVANSON\SMARTPARKINGSYSTEM\SMARTPARKINGSYSTEM\DEBUG\DA_TRAXE.OBJ
D:\NGUYENVANSON\SMARTPARKINGSYSTEM\SMARTPARKINGSYSTEM\DEBUG\DA_VETHANG.OBJ
D:\NGUYENVANSON\SMARTPARKINGSYSTEM\SMARTPARKINGSYSTEM\DEBUG\DBMYSQLUTILS.OBJ
D:\NGUYENVANSON\SMARTPARKINGSYSTEM\SMARTPARKINGSYSTEM\DEBUG\DBUTILS.OBJ
D:\NGUYENVANSON\SMARTPARKINGSYSTEM\SMARTPARKINGSYSTEM\DEBUG\FRMCONFIGDATABASE.OBJ
D:\NGUYENVANSON\SMARTPARKINGSYSTEM\SMARTPARKINGSYSTEM\DEBUG\FRMDATABASE.OBJ
D:\NGUYENVANSON\SMARTPARKINGSYSTEM\SMARTPARKINGSYSTEM\DEBUG\FRMHETHONG.OBJ
D:\NGUYENVANSON\SMARTPARKINGSYSTEM\SMARTPARKINGSYSTEM\DEBUG\FRMLOGIN.OBJ
D:\NGUYENVANSON\SMARTPARKINGSYSTEM\SMARTPARKINGSYSTEM\DEBUG\FRMMAIN.OBJ
D:\NGUYENVANSON\SMARTPARKINGSYSTEM\SMARTPARKINGSYSTEM\DEBUG\FRMNHANXE.OBJ
D:\NGUYENVANSON\SMARTPARKINGSYSTEM\SMARTPARKINGSYSTEM\DEBUG\FRMSODO.OBJ
D:\NGUYENVANSON\SMARTPARKINGSYSTEM\SMARTPARKINGSYSTEM\DEBUG\FRMTHONGKE.OBJ
D:\NGUYENVANSON\SMARTPARKINGSYSTEM\SMARTPARKINGSYSTEM\DEBUG\FRMTRAXE.OBJ
D:\NGUYENVANSON\SMARTPARKINGSYSTEM\SMARTPARKINGSYSTEM\DEBUG\FRMVETHANG.OBJ
D:\NGUYENVANSON\SMARTPARKINGSYSTEM\SMARTPARKINGSYSTEM\DEBUG\HETHONG.OBJ
D:\NguyenVanSon\SmartParkingSystem\SmartParkingSystem\Debug\link.1116.read.1.tlog
D:\NguyenVanSon\SmartParkingSystem\SmartParkingSystem\Debug\link.1116.write.1.tlog
D:\NguyenVanSon\SmartParkingSystem\SmartParkingSystem\Debug\link.1116-cvtres.read.1.tlog
D:\NguyenVanSon\SmartParkingSystem\SmartParkingSystem\Debug\link.1116-cvtres.write.1.tlog
D:\NguyenVanSon\SmartParkingSystem\SmartParkingSystem\Debug\link.1132.read.1.tlog
D:\NguyenVanSon\SmartParkingSystem\SmartParkingSystem\Debug\link.1132.write.1.tlog
D:\NguyenVanSon\SmartParkingSystem\SmartParkingSystem\Debug\link.1132-cvtres.read.1.tlog
D:\NguyenVanSon\SmartParkingSystem\SmartParkingSystem\Debug\link.1132-cvtres.write.1.tlog
D:\NguyenVanSon\SmartParkingSystem\SmartParkingSystem\Debug\link.2228.read.1.tlog
D:\NguyenVanSon\SmartParkingSystem\SmartParkingSystem\Debug\link.2228.write.1.tlog
D:\NguyenVanSon\SmartParkingSystem\SmartParkingSystem\Debug\link.2228-cvtres.read.1.tlog
D:\NguyenVanSon\SmartParkingSystem\SmartParkingSystem\Debug\link.2228-cvtres.write.1.tlog
D:\NguyenVanSon\SmartParkingSystem\SmartParkingSystem\Debug\link.2428.read.1.tlog
D:\NguyenVanSon\SmartParkingSystem\SmartParkingSystem\Debug\link.2428.write.1.tlog
D:\NguyenVanSon\SmartParkingSystem\SmartParkingSystem\Debug\link.2428-cvtres.read.1.tlog
D:\NguyenVanSon\SmartParkingSystem\SmartParkingSystem\Debug\link.2428-cvtres.write.1.tlog
D:\NguyenVanSon\SmartParkingSystem\SmartParkingSystem\Debug\link.2492.read.1.tlog
D:\NguyenVanSon\SmartParkingSystem\SmartParkingSystem\Debug\link.2492.write.1.tlog
D:\NguyenVanSon\SmartParkingSystem\SmartParkingSystem\Debug\link.2492-cvtres.read.1.tlog
D:\NguyenVanSon\SmartParkingSystem\SmartParkingSystem\Debug\link.2492-cvtres.write.1.tlog
D:\NguyenVanSon\SmartParkingSystem\SmartParkingSystem\Debug\link.2584.read.1.tlog
D:\NguyenVanSon\SmartParkingSystem\SmartParkingSystem\Debug\link.2584.write.1.tlog
D:\NguyenVanSon\SmartParkingSystem\SmartParkingSystem\Debug\link.2584-cvtres.read.1.tlog
D:\NguyenVanSon\SmartParkingSystem\SmartParkingSystem\Debug\link.2584-cvtres.write.1.tlog
D:\NguyenVanSon\SmartParkingSystem\SmartParkingSystem\Debug\link.284.read.1.tlog
D:\NguyenVanSon\SmartParkingSystem\SmartParkingSystem\Debug\link.284.write.1.tlog
D:\NguyenVanSon\SmartParkingSystem\SmartParkingSystem\Debug\link.284-cvtres.read.1.tlog
D:\NguyenVanSon\SmartParkingSystem\SmartParkingSystem\Debug\link.284-cvtres.write.1.tlog
D:\NguyenVanSon\SmartParkingSystem\SmartParkingSystem\Debug\link.2992.read.1.tlog
D:\NguyenVanSon\SmartParkingSystem\SmartParkingSystem\Debug\link.2992.write.1.tlog
D:\NguyenVanSon\SmartParkingSystem\SmartParkingSystem\Debug\link.2992-cvtres.read.1.tlog
D:\NguyenVanSon\SmartParkingSystem\SmartParkingSystem\Debug\link.2992-cvtres.write.1.tlog
D:\NguyenVanSon\SmartParkingSystem\SmartParkingSystem\Debug\link.3076.read.1.tlog
D:\NguyenVanSon\SmartParkingSystem\SmartParkingSystem\Debug\link.3076.write.1.tlog
D:\NguyenVanSon\SmartParkingSystem\SmartParkingSystem\Debug\link.3076-cvtres.read.1.tlog
D:\NguyenVanSon\SmartParkingSystem\SmartParkingSystem\Debug\link.3076-cvtres.write.1.tlog
D:\NguyenVanSon\SmartParkingSystem\SmartParkingSystem\Debug\link.3092.read.1.tlog
D:\NguyenVanSon\SmartParkingSystem\SmartParkingSystem\Debug\link.3092.write.1.tlog
D:\NguyenVanSon\SmartParkingSystem\SmartParkingSystem\Debug\link.3092-cvtres.read.1.tlog
D:\NguyenVanSon\SmartParkingSystem\SmartParkingSystem\Debug\link.3092-cvtres.write.1.tlog
D:\NguyenVanSon\SmartParkingSystem\SmartParkingSystem\Debug\link.3120.read.1.tlog
D:\NguyenVanSon\SmartParkingSystem\SmartParkingSystem\Debug\link.3120.write.1.tlog
D:\NguyenVanSon\SmartParkingSystem\SmartParkingSystem\Debug\link.3120-cvtres.read.1.tlog
D:\NguyenVanSon\SmartParkingSystem\SmartParkingSystem\Debug\link.3120-cvtres.write.1.tlog
D:\NguyenVanSon\SmartParkingSystem\SmartParkingSystem\Debug\link.3232.read.1.tlog
D:\NguyenVanSon\SmartParkingSystem\SmartParkingSystem\Debug\link.3232.write.1.tlog
D:\NguyenVanSon\SmartParkingSystem\SmartParkingSystem\Debug\link.3232-cvtres.read.1.tlog
D:\NguyenVanSon\SmartParkingSystem\SmartParkingSystem\Debug\link.3232-cvtres.write.1.tlog
D:\NguyenVanSon\SmartParkingSystem\SmartParkingSystem\Debug\link.3240.read.1.tlog
D:\NguyenVanSon\SmartParkingSystem\SmartParkingSystem\Debug\link.3240.write.1.tlog
D:\NguyenVanSon\SmartParkingSystem\SmartParkingSystem\Debug\link.3240-cvtres.read.1.tlog
D:\NguyenVanSon\SmartParkingSystem\SmartParkingSystem\Debug\link.3240-cvtres.write.1.tlog
D:\NguyenVanSon\SmartParkingSystem\SmartParkingSystem\Debug\link.3540.read.1.tlog
D:\NguyenVanSon\SmartParkingSystem\SmartParkingSystem\Debug\link.3540.write.1.tlog
D:\NguyenVanSon\SmartParkingSystem\SmartParkingSystem\Debug\link.3540-cvtres.read.1.tlog
D:\NguyenVanSon\SmartParkingSystem\SmartParkingSystem\Debug\link.3540-cvtres.write.1.tlog
D:\NguyenVanSon\SmartParkingSystem\SmartParkingSystem\Debug\link.3864.read.1.tlog
D:\NguyenVanSon\SmartParkingSystem\SmartParkingSystem\Debug\link.3864.write.1.tlog
D:\NguyenVanSon\SmartParkingSystem\SmartParkingSystem\Debug\link.3864-cvtres.read.1.tlog
D:\NguyenVanSon\SmartParkingSystem\SmartParkingSystem\Debug\link.3864-cvtres.write.1.tlog
D:\NguyenVanSon\SmartParkingSystem\SmartParkingSystem\Debug\link.3924.read.1.tlog
D:\NguyenVanSon\SmartParkingSystem\SmartParkingSystem\Debug\link.3924.write.1.tlog
D:\NguyenVanSon\SmartParkingSystem\SmartParkingSystem\Debug\link.3924-cvtres.read.1.tlog
D:\NguyenVanSon\SmartParkingSystem\SmartParkingSystem\Debug\link.3924-cvtres.write.1.tlog
D:\NguyenVanSon\SmartParkingSystem\SmartParkingSystem\Debug\link.3956.read.1.tlog
D:\NguyenVanSon\SmartParkingSystem\SmartParkingSystem\Debug\link.3956.write.1.tlog
D:\NguyenVanSon\SmartParkingSystem\SmartParkingSystem\Debug\link.3956-cvtres.read.1.tlog
D:\NguyenVanSon\SmartParkingSystem\SmartParkingSystem\Debug\link.3956-cvtres.write.1.tlog
D:\NguyenVanSon\SmartParkingSystem\SmartParkingSystem\Debug\link.3992.read.1.tlog
D:\NguyenVanSon\SmartParkingSystem\SmartParkingSystem\Debug\link.3992.write.1.tlog
D:\NguyenVanSon\SmartParkingSystem\SmartParkingSystem\Debug\link.3992-cvtres.read.1.tlog
D:\NguyenVanSon\SmartParkingSystem\SmartParkingSystem\Debug\link.3992-cvtres.write.1.tlog
D:\NguyenVanSon\SmartParkingSystem\SmartParkingSystem\Debug\link.4028.read.1.tlog
D:\NguyenVanSon\SmartParkingSystem\SmartParkingSystem\Debug\link.4028.write.1.tlog
D:\NguyenVanSon\SmartParkingSystem\SmartParkingSystem\Debug\link.4028-cvtres.read.1.tlog
D:\NguyenVanSon\SmartParkingSystem\SmartParkingSystem\Debug\link.4028-cvtres.write.1.tlog
D:\NguyenVanSon\SmartParkingSystem\SmartParkingSystem\Debug\link.4404.read.1.tlog
D:\NguyenVanSon\SmartParkingSystem\SmartParkingSystem\Debug\link.4404.write.1.tlog
D:\NguyenVanSon\SmartParkingSystem\SmartParkingSystem\Debug\link.4404-cvtres.read.1.tlog
D:\NguyenVanSon\SmartParkingSystem\SmartParkingSystem\Debug\link.4404-cvtres.write.1.tlog
D:\NguyenVanSon\SmartParkingSystem\SmartParkingSystem\Debug\link.4464.read.1.tlog
D:\NguyenVanSon\SmartParkingSystem\SmartParkingSystem\Debug\link.4464.write.1.tlog
D:\NguyenVanSon\SmartParkingSystem\SmartParkingSystem\Debug\link.4464-cvtres.read.1.tlog
D:\NguyenVanSon\SmartParkingSystem\SmartParkingSystem\Debug\link.4464-cvtres.write.1.tlog
D:\NguyenVanSon\SmartParkingSystem\SmartParkingSystem\Debug\link.4664.read.1.tlog
D:\NguyenVanSon\SmartParkingSystem\SmartParkingSystem\Debug\link.4664.write.1.tlog
D:\NguyenVanSon\SmartParkingSystem\SmartParkingSystem\Debug\link.4664-cvtres.read.1.tlog
D:\NguyenVanSon\SmartParkingSystem\SmartParkingSystem\Debug\link.4664-cvtres.write.1.tlog
D:\NguyenVanSon\SmartParkingSystem\SmartParkingSystem\Debug\link.4668.read.1.tlog
D:\NguyenVanSon\SmartParkingSystem\SmartParkingSystem\Debug\link.4668.write.1.tlog
D:\NguyenVanSon\SmartParkingSystem\SmartParkingSystem\Debug\link.4668-cvtres.read.1.tlog
D:\NguyenVanSon\SmartParkingSystem\SmartParkingSystem\Debug\link.4668-cvtres.write.1.tlog
D:\NguyenVanSon\SmartParkingSystem\SmartParkingSystem\Debug\link.4728.read.1.tlog
D:\NguyenVanSon\SmartParkingSystem\SmartParkingSystem\Debug\link.4728.write.1.tlog
D:\NguyenVanSon\SmartParkingSystem\SmartParkingSystem\Debug\link.4728-cvtres.read.1.tlog
D:\NguyenVanSon\SmartParkingSystem\SmartParkingSystem\Debug\link.4728-cvtres.write.1.tlog
D:\NguyenVanSon\SmartParkingSystem\SmartParkingSystem\Debug\link.4840.read.1.tlog
D:\NguyenVanSon\SmartParkingSystem\SmartParkingSystem\Debug\link.4840.write.1.tlog
D:\NguyenVanSon\SmartParkingSystem\SmartParkingSystem\Debug\link.4840-cvtres.read.1.tlog
D:\NguyenVanSon\SmartParkingSystem\SmartParkingSystem\Debug\link.4840-cvtres.write.1.tlog
D:\NguyenVanSon\SmartParkingSystem\SmartParkingSystem\Debug\link.4892.read.1.tlog
D:\NguyenVanSon\SmartParkingSystem\SmartParkingSystem\Debug\link.4892.write.1.tlog
D:\NguyenVanSon\SmartParkingSystem\SmartParkingSystem\Debug\link.4892-cvtres.read.1.tlog
D:\NguyenVanSon\SmartParkingSystem\SmartParkingSystem\Debug\link.4892-cvtres.write.1.tlog
D:\NguyenVanSon\SmartParkingSystem\SmartParkingSystem\Debug\link.4992.read.1.tlog
D:\NguyenVanSon\SmartParkingSystem\SmartParkingSystem\Debug\link.4992.write.1.tlog
D:\NguyenVanSon\SmartParkingSystem\SmartParkingSystem\Debug\link.4992-cvtres.read.1.tlog
D:\NguyenVanSon\SmartParkingSystem\SmartParkingSystem\Debug\link.4992-cvtres.write.1.tlog
D:\NguyenVanSon\SmartParkingSystem\SmartParkingSystem\Debug\link.5364.read.1.tlog
D:\NguyenVanSon\SmartParkingSystem\SmartParkingSystem\Debug\link.5364.write.1.tlog
D:\NguyenVanSon\SmartParkingSystem\SmartParkingSystem\Debug\link.5364-cvtres.read.1.tlog
D:\NguyenVanSon\SmartParkingSystem\SmartParkingSystem\Debug\link.5364-cvtres.write.1.tlog
D:\NguyenVanSon\SmartParkingSystem\SmartParkingSystem\Debug\link.5392.read.1.tlog
D:\NguyenVanSon\SmartParkingSystem\SmartParkingSystem\Debug\link.5392.write.1.tlog
D:\NguyenVanSon\SmartParkingSystem\SmartParkingSystem\Debug\link.5392-cvtres.read.1.tlog
D:\NguyenVanSon\SmartParkingSystem\SmartParkingSystem\Debug\link.5392-cvtres.write.1.tlog
D:\NguyenVanSon\SmartParkingSystem\SmartParkingSystem\Debug\link.5892.read.1.tlog
D:\NguyenVanSon\SmartParkingSystem\SmartParkingSystem\Debug\link.5892.write.1.tlog
D:\NguyenVanSon\SmartParkingSystem\SmartParkingSystem\Debug\link.5892-cvtres.read.1.tlog
D:\NguyenVanSon\SmartParkingSystem\SmartParkingSystem\Debug\link.5892-cvtres.write.1.tlog
D:\NguyenVanSon\SmartParkingSystem\SmartParkingSystem\Debug\link.5952.read.1.tlog
D:\NguyenVanSon\SmartParkingSystem\SmartParkingSystem\Debug\link.5952.write.1.tlog
D:\NguyenVanSon\SmartParkingSystem\SmartParkingSystem\Debug\link.5952-cvtres.read.1.tlog
D:\NguyenVanSon\SmartParkingSystem\SmartParkingSystem\Debug\link.5952-cvtres.write.1.tlog
D:\NguyenVanSon\SmartParkingSystem\SmartParkingSystem\Debug\link.5968.read.1.tlog
D:\NguyenVanSon\SmartParkingSystem\SmartParkingSystem\Debug\link.5968.write.1.tlog
D:\NguyenVanSon\SmartParkingSystem\SmartParkingSystem\Debug\link.5968-cvtres.read.1.tlog
D:\NguyenVanSon\SmartParkingSystem\SmartParkingSystem\Debug\link.5968-cvtres.write.1.tlog
D:\NguyenVanSon\SmartParkingSystem\SmartParkingSystem\Debug\link.6132.read.1.tlog
D:\NguyenVanSon\SmartParkingSystem\SmartParkingSystem\Debug\link.6132.write.1.tlog
D:\NguyenVanSon\SmartParkingSystem\SmartParkingSystem\Debug\link.6132-cvtres.read.1.tlog
D:\NguyenVanSon\SmartParkingSystem\SmartParkingSystem\Debug\link.6132-cvtres.write.1.tlog
D:\NguyenVanSon\SmartParkingSystem\SmartParkingSystem\Debug\link.624.read.1.tlog
D:\NguyenVanSon\SmartParkingSystem\SmartParkingSystem\Debug\link.624.write.1.tlog
D:\NguyenVanSon\SmartParkingSystem\SmartParkingSystem\Debug\link.624-cvtres.read.1.tlog
D:\NguyenVanSon\SmartParkingSystem\SmartParkingSystem\Debug\link.624-cvtres.write.1.tlog
D:\NguyenVanSon\SmartParkingSystem\SmartParkingSystem\Debug\link.756.read.1.tlog
D:\NguyenVanSon\SmartParkingSystem\SmartParkingSystem\Debug\link.756.write.1.tlog
D:\NguyenVanSon\SmartParkingSystem\SmartParkingSystem\Debug\link.756-cvtres.read.1.tlog
D:\NguyenVanSon\SmartParkingSystem\SmartParkingSystem\Debug\link.756-cvtres.write.1.tlog
D:\NguyenVanSon\SmartParkingSystem\SmartParkingSystem\Debug\link.860.read.1.tlog
D:\NguyenVanSon\SmartParkingSystem\SmartParkingSystem\Debug\link.860.write.1.tlog
D:\NguyenVanSon\SmartParkingSystem\SmartParkingSystem\Debug\link.860-cvtres.read.1.tlog
D:\NguyenVanSon\SmartParkingSystem\SmartParkingSystem\Debug\link.860-cvtres.write.1.tlog
D:\NguyenVanSon\SmartParkingSystem\SmartParkingSystem\Debug\link.command.1.tlog
D:\NguyenVanSon\SmartParkingSystem\SmartParkingSystem\Debug\link.read.1.tlog
D:\NguyenVanSon\SmartParkingSystem\SmartParkingSystem\Debug\link.write.1.tlog
D:\NguyenVanSon\SmartParkingSystem\SmartParkingSystem\Debug\mt.command.1.tlog
D:\NguyenVanSon\SmartParkingSystem\SmartParkingSystem\Debug\mt.read.1.tlog
D:\NguyenVanSon\SmartParkingSystem\SmartParkingSystem\Debug\mt.write.1.tlog
D:\NguyenVanSon\SmartParkingSystem\SmartParkingSystem\Debug\rc.command.1.tlog
D:\NguyenVanSon\SmartParkingSystem\SmartParkingSystem\Debug\rc.read.1.tlog
D:\NguyenVanSon\SmartParkingSystem\SmartParkingSystem\Debug\rc.write.1.tlog
D:\NGUYENVANSON\SMARTPARKINGSYSTEM\SMARTPARKINGSYSTEM\DEBUG\SMARTPARKINGSYSTEM.EXE.INTERMEDIATE.MANIFEST
D:\NguyenVanSon\SmartParkingSystem\SmartParkingSystem\Debug\SmartParkingSystem.frmConfigDatabase.resources
D:\NguyenVanSon\SmartParkingSystem\SmartParkingSystem\Debug\SmartParkingSystem.frmDatabase.resources
D:\NguyenVanSon\SmartParkingSystem\SmartParkingSystem\Debug\SmartParkingSystem.frmHeThong.resources
D:\NguyenVanSon\SmartParkingSystem\SmartParkingSystem\Debug\SmartParkingSystem.frmLogin.resources
D:\NguyenVanSon\SmartParkingSystem\SmartParkingSystem\Debug\SmartParkingSystem.frmMain.resources
D:\NguyenVanSon\SmartParkingSystem\SmartParkingSystem\Debug\SmartParkingSystem.frmNhanXe.resources
D:\NguyenVanSon\SmartParkingSystem\SmartParkingSystem\Debug\SmartParkingSystem.frmSoDo.resources
D:\NguyenVanSon\SmartParkingSystem\SmartParkingSystem\Debug\SmartParkingSystem.frmThongKe.resources
D:\NguyenVanSon\SmartParkingSystem\SmartParkingSystem\Debug\SmartParkingSystem.frmTraXe.resources
D:\NguyenVanSon\SmartParkingSystem\SmartParkingSystem\Debug\SmartParkingSystem.frmVeThang.resources
D:\NGUYENVANSON\SMARTPARKINGSYSTEM\SMARTPARKINGSYSTEM\DEBUG\SMARTPARKINGSYSTEM.OBJ
D:\NGUYENVANSON\SMARTPARKINGSYSTEM\SMARTPARKINGSYSTEM\DEBUG\SMARTPARKINGSYSTEM.PCH
D:\NguyenVanSon\SmartParkingSystem\SmartParkingSystem\Debug\SmartParkingSystem.vcxproj.GenerateResource.Cache
D:\NguyenVanSon\SmartParkingSystem\SmartParkingSystem\Debug\SmartParkingSystem.vcxprojResolveAssemblyReference.cache
D:\NguyenVanSon\SmartParkingSystem\SmartParkingSystem\Debug\SmartParkingSystem.write.1.tlog
D:\NGUYENVANSON\SMARTPARKINGSYSTEM\SMARTPARKINGSYSTEM\DEBUG\STDAFX.OBJ
D:\NGUYENVANSON\SMARTPARKINGSYSTEM\SMARTPARKINGSYSTEM\DEBUG\VC100.PDB
D:\NGUYENVANSON\SMARTPARKINGSYSTEM\SMARTPARKINGSYSTEM\DEBUG\VETHANG.OBJ
D:\NGUYENVANSON\SMARTPARKINGSYSTEM\SMARTPARKINGSYSTEM\DEBUG\XE.OBJ
